2024-06-02 23:37:21,305 - WeatherDataProcess - INFO - Logger initialized successfully.
2024-06-02 23:37:21,306 - WeatherDataProcess - INFO - Process started at 2024_06_02-23_37_21


2024-06-02 23:37:21,307 - WeatherDataProcess - INFO - 
Machine Host Name: DESKTOP-I84D0S5
2024-06-02 23:37:21,308 - WeatherDataProcess - INFO - 
Total number of txt files in folder I:\Python\ctva_coding_challenge\wx_data_sample is: 2
2024-06-02 23:37:21,512 - WeatherDataProcess - INFO - Database connection established successfully
2024-06-02 23:37:21,514 - WeatherDataProcess - INFO - Table records before insert data: 0
2024-06-02 23:37:21,521 - WeatherDataProcess - INFO - The dataframe is inserted successfully
2024-06-02 23:37:21,522 - WeatherDataProcess - INFO - Table records after inserting dataframe data: 7
2024-06-02 23:37:21,523 - WeatherDataProcess - INFO - Database connection closed successfully
2024-06-02 23:37:21,603 - WeatherDataProcess - INFO - Database connection established successfully
2024-06-02 23:37:21,604 - WeatherDataProcess - INFO - Table records before insert data: 7
2024-06-02 23:37:21,606 - WeatherDataProcess - INFO - The dataframe is inserted successfully
2024-06-02 23:37:21,607 - WeatherDataProcess - INFO - Table records after inserting dataframe data: 13
2024-06-02 23:37:21,607 - WeatherDataProcess - INFO - Database connection closed successfully
2024-06-02 23:37:21,608 - WeatherDataProcess - INFO - Data are extracted from txt files and inserted into postgres database successfully
2024-06-02 23:37:25,410 - WeatherDataProcess - INFO - Database connection established successfully
2024-06-02 23:37:25,417 - WeatherDataProcess - INFO - 
Query result is inserted in ctva.weather_analysis successfully.
2024-06-02 23:37:25,418 - WeatherDataProcess - INFO - Database connection closed successfully
2024-06-02 23:37:25,418 - WeatherDataProcess - INFO - 
Process successfully executed. Please check log for details at [I:\Python\ctva_coding_challenge\src\logs\2024_06_02]
2024-06-02 23:37:25,419 - WeatherDataProcess - INFO - 
Process Run Time: 0.07 Minutes
